<?xml version="1.0" encoding="UTF-8"?>
<testsuite name="org.example.LecturerTest" tests="1" skipped="0" failures="0" errors="0" timestamp="2022-10-11T13:14:20" hostname="DESKTOP-TUKHSRS" time="0.01">
  <properties/>
  <testcase name="getUsername()" classname="org.example.LecturerTest" time="0.01"/>
  <system-out><![CDATA[]]></system-out>
  <system-err><![CDATA[]]></system-err>
</testsuite>
