<?xml version="1.0" encoding="UTF-8"?>
<testsuite name="org.example.StudentTest" tests="3" skipped="0" failures="0" errors="0" timestamp="2022-10-11T13:14:20" hostname="DESKTOP-TUKHSRS" time="0.004">
  <properties/>
  <testcase name="addModule()" classname="org.example.StudentTest" time="0.001"/>
  <testcase name="getId()" classname="org.example.StudentTest" time="0.0"/>
  <testcase name="getUsername()" classname="org.example.StudentTest" time="0.001"/>
  <system-out><![CDATA[]]></system-out>
  <system-err><![CDATA[]]></system-err>
</testsuite>
